<?xml version="1.0" encoding="UTF-8"?>
<testng-results skipped="0" failed="0" ignored="0" total="2" passed="2">
  <reporter-output>
  </reporter-output>
  <suite name="com.sdet.AppTest" duration-ms="133" started-at="2021-12-08T00:21:36 EET" finished-at="2021-12-08T00:21:36 EET">
    <groups>
    </groups>
    <test name="Command line test" duration-ms="133" started-at="2021-12-08T00:21:36 EET" finished-at="2021-12-08T00:21:36 EET">
      <class name="com.sdet.AppTest">
        <test-method status="PASS" signature="testlogin1()[pri:0, instance:com.sdet.AppTest@26be92ad]" name="testlogin1" duration-ms="17" started-at="2021-12-08T00:21:36 EET" finished-at="2021-12-08T00:21:36 EET">
          <reporter-output>
          </reporter-output>
        </test-method> <!-- testlogin1 -->
        <test-method status="PASS" signature="testlogin2()[pri:0, instance:com.sdet.AppTest@26be92ad]" name="testlogin2" duration-ms="1" started-at="2021-12-08T00:21:36 EET" finished-at="2021-12-08T00:21:36 EET">
          <reporter-output>
          </reporter-output>
        </test-method> <!-- testlogin2 -->
      </class> <!-- com.sdet.AppTest -->
    </test> <!-- Command line test -->
  </suite> <!-- com.sdet.AppTest -->
</testng-results>
