<?xml version="1.0" encoding="UTF-8"?>
<testng-results skipped="0" failed="0" ignored="0" total="3" passed="3">
  <reporter-output>
  </reporter-output>
  <suite name="Suite" duration-ms="13715" started-at="2021-12-15T15:48:35 EET" finished-at="2021-12-15T15:48:49 EET">
    <groups>
    </groups>
    <test name="Test" duration-ms="13715" started-at="2021-12-15T15:48:35 EET" finished-at="2021-12-15T15:48:49 EET">
      <class name="com.sdet.AppTest">
        <test-method status="PASS" signature="testlogin1()[pri:0, instance:com.sdet.AppTest@1d8d30f7]" name="testlogin1" duration-ms="20" started-at="2021-12-15T15:48:35 EET" finished-at="2021-12-15T15:48:35 EET">
          <reporter-output>
          </reporter-output>
        </test-method> <!-- testlogin1 -->
        <test-method status="PASS" signature="testlogin2()[pri:0, instance:com.sdet.AppTest@1d8d30f7]" name="testlogin2" duration-ms="2" started-at="2021-12-15T15:48:35 EET" finished-at="2021-12-15T15:48:35 EET">
          <reporter-output>
          </reporter-output>
        </test-method> <!-- testlogin2 -->
      </class> <!-- com.sdet.AppTest -->
      <class name="com.sdet.TC_Login_Test">
        <test-method status="PASS" signature="login_Test()[pri:0, instance:com.sdet.TC_Login_Test@3e57cd70]" name="login_Test" duration-ms="13585" started-at="2021-12-15T15:48:35 EET" finished-at="2021-12-15T15:48:49 EET">
          <reporter-output>
          </reporter-output>
        </test-method> <!-- login_Test -->
      </class> <!-- com.sdet.TC_Login_Test -->
    </test> <!-- Test -->
  </suite> <!-- Suite -->
</testng-results>
